

2024-06-19T14:01:35.531Z [INFO]: This is an info message
2024-06-19T14:01:35.533Z [DEBUG]: This is a debug message
2024-06-19T14:01:35.533Z [WARN]: This is a warning message
2024-06-19T14:01:35.534Z [ERROR]: This is an error message
2024-06-19 14:03:27 [info]: This is an info message
2024-06-19 14:03:27 [debug]: This is a debug message
2024-06-19 14:03:27 [warn]: This is a warning message
2024-06-19 14:03:27 [error]: This is an error message
2024-06-19 14:05:19 [info]: App running on port 3000...
2024-06-19 14:06:25 [info]: App running on port 3000...
2024-06-19 14:06:25 [info]: MongoDB connection successful!
2024-06-19 14:07:26 [info]: App running on port 3000...
2024-06-19 14:07:26 [info]: MongoDB connection successful!
2024-06-19 14:58:37 [info]: App running on port 3000...
2024-06-19 14:58:37 [info]: MongoDB connection successful!
2024-06-19 14:59:17 [info]: App running on port 3000...
2024-06-19 14:59:17 [info]: MongoDB connection successful!
2024-06-19 14:59:35 [info]: App running on port 3000...
2024-06-19 14:59:35 [info]: MongoDB connection successful!
2024-06-19 14:59:53 [info]: App running on port 3000...
2024-06-19 14:59:53 [info]: MongoDB connection successful!
2024-06-19 15:01:24 [info]: App running on port 3000...
2024-06-19 15:01:24 [info]: MongoDB connection successful!
2024-06-19 15:01:52 [info]: App running on port 3000...
2024-06-19 15:01:52 [info]: MongoDB connection successful!
2024-06-19 15:03:03 [info]: App running on port 3000...
2024-06-19 15:03:03 [info]: MongoDB connection successful!
2024-06-19 15:03:12 [info]: App running on port 3000...
2024-06-19 15:03:12 [info]: MongoDB connection successful!
2024-07-17 14:53:58 [info]: App running on port 3000...
2024-07-17 14:53:58 [info]: MongoDB connection successful!
2024-07-17 14:54:04 [info]: App running on port 3000...
2024-07-17 14:54:05 [info]: MongoDB connection successful!
2024-07-17 14:54:14 [info]: App running on port 3000...
2024-07-17 14:54:14 [info]: MongoDB connection successful!
2024-07-17 14:54:20 [info]: App running on port 3000...
2024-07-17 14:54:20 [info]: MongoDB connection successful!
2024-07-17 14:54:28 [info]: App running on port 3000...
2024-07-17 14:54:28 [info]: MongoDB connection successful!
2024-07-17 14:54:33 [info]: App running on port 3000...
2024-07-17 14:54:33 [info]: MongoDB connection successful!
2024-07-17 14:54:43 [info]: App running on port 3000...
2024-07-17 14:54:43 [info]: MongoDB connection successful!
2024-07-17 14:54:51 [info]: App running on port 3000...
2024-07-17 14:54:51 [info]: MongoDB connection successful!
2024-07-17 14:54:59 [info]: App running on port 3000...
2024-07-17 14:54:59 [info]: MongoDB connection successful!
2024-07-17 14:55:06 [info]: App running on port 3000...
2024-07-17 14:55:06 [info]: MongoDB connection successful!
2024-07-17 14:55:30 [info]: App running on port 3000...
2024-07-17 14:55:30 [info]: MongoDB connection successful!
2024-07-17 14:55:50 [info]: App running on port 3000...
2024-07-17 14:55:50 [info]: MongoDB connection successful!
